[0.025s] Invoking command in '/home/luonghoangvy/ros2_ws/build/my_bot': CMAKE_PREFIX_PATH=/opt/ros/foxy /usr/bin/cmake /home/luonghoangvy/ros2_ws/src/my_bot -DAMENT_CMAKE_SYMLINK_INSTALL=1 -DCMAKE_INSTALL_PREFIX=/home/luonghoangvy/ros2_ws/install/my_bot
[0.476s] -- The C compiler identification is GNU 9.4.0
[0.786s] -- The CXX compiler identification is GNU 9.4.0
[0.808s] -- Check for working C compiler: /usr/bin/cc
[0.975s] -- Check for working C compiler: /usr/bin/cc -- works
[0.980s] -- Detecting C compiler ABI info
[1.138s] -- Detecting C compiler ABI info - done
[1.163s] -- Detecting C compile features
[1.164s] -- Detecting C compile features - done
[1.174s] -- Check for working CXX compiler: /usr/bin/c++
[1.345s] -- Check for working CXX compiler: /usr/bin/c++ -- works
[1.347s] -- Detecting CXX compiler ABI info
[1.525s] -- Detecting CXX compiler ABI info - done
[1.544s] -- Detecting CXX compile features
[1.545s] -- Detecting CXX compile features - done
[1.574s] -- Found ament_cmake: 0.9.12 (/opt/ros/foxy/share/ament_cmake/cmake)
[1.635s] -- Found PythonInterp: /usr/bin/python3 (found suitable version "3.8.10", minimum required is "3") 
[1.635s] -- Using PYTHON_EXECUTABLE: /usr/bin/python3
[1.983s] -- Override CMake install command with custom implementation using symlinks instead of copying resources
[2.074s] -- Found ament_lint_auto: 0.9.8 (/opt/ros/foxy/share/ament_lint_auto/cmake)
[2.267s] -- Added test 'copyright' to check source files copyright and LICENSE
[2.335s] -- Added test 'flake8' to check Python code syntax and style conventions
[2.344s] -- Added test 'lint_cmake' to check CMake code style
[2.351s] -- Added test 'pep257' to check Python code against some of the style conventions in PEP 257
[2.385s] -- Added test 'xmllint' to check XML markup files
[2.394s] -- Configuring done
[2.399s] -- Generating done
[2.401s] -- Build files have been written to: /home/luonghoangvy/ros2_ws/build/my_bot
[2.408s] Invoked command in '/home/luonghoangvy/ros2_ws/build/my_bot' returned '0': CMAKE_PREFIX_PATH=/opt/ros/foxy /usr/bin/cmake /home/luonghoangvy/ros2_ws/src/my_bot -DAMENT_CMAKE_SYMLINK_INSTALL=1 -DCMAKE_INSTALL_PREFIX=/home/luonghoangvy/ros2_ws/install/my_bot
[2.416s] Invoking command in '/home/luonghoangvy/ros2_ws/build/my_bot': CMAKE_PREFIX_PATH=/opt/ros/foxy /usr/bin/cmake --build /home/luonghoangvy/ros2_ws/build/my_bot -- -j4 -l4
[2.509s] Invoked command in '/home/luonghoangvy/ros2_ws/build/my_bot' returned '0': CMAKE_PREFIX_PATH=/opt/ros/foxy /usr/bin/cmake --build /home/luonghoangvy/ros2_ws/build/my_bot -- -j4 -l4
[2.591s] Invoking command in '/home/luonghoangvy/ros2_ws/build/my_bot': CMAKE_PREFIX_PATH=/opt/ros/foxy /usr/bin/cmake --install /home/luonghoangvy/ros2_ws/build/my_bot
[2.611s] -- Install configuration: ""
[2.612s] -- Execute custom install script
[2.614s] -- Symlinking: /home/luonghoangvy/ros2_ws/install/my_bot/share/my_bot/config/empty.yaml
[2.635s] -- Symlinking: /home/luonghoangvy/ros2_ws/install/my_bot/share/my_bot/description/gazebo_control.xacro
[2.655s] -- Symlinking: /home/luonghoangvy/ros2_ws/install/my_bot/share/my_bot/description/inertial_macros.xacro
[2.677s] -- Symlinking: /home/luonghoangvy/ros2_ws/install/my_bot/share/my_bot/description/lidar.xacro
[2.699s] -- Symlinking: /home/luonghoangvy/ros2_ws/install/my_bot/share/my_bot/description/robot.urdf.xacro
[2.719s] -- Symlinking: /home/luonghoangvy/ros2_ws/install/my_bot/share/my_bot/description/robot_core.xacro
[2.740s] -- Symlinking: /home/luonghoangvy/ros2_ws/install/my_bot/share/my_bot/launch/launch_sim.launch.py
[2.760s] -- Symlinking: /home/luonghoangvy/ros2_ws/install/my_bot/share/my_bot/launch/rsp.launch.py
[2.782s] -- Symlinking: /home/luonghoangvy/ros2_ws/install/my_bot/share/my_bot/worlds/empty.world
[2.803s] -- Symlinking: /home/luonghoangvy/ros2_ws/install/my_bot/share/my_bot/worlds/landmarks.world
[2.823s] -- Symlinking: /home/luonghoangvy/ros2_ws/install/my_bot/share/my_bot/worlds/landmarks2.world
[2.842s] -- Symlinking: /home/luonghoangvy/ros2_ws/install/my_bot/share/my_bot/worlds/obstacles.world
[2.864s] -- Symlinking: /home/luonghoangvy/ros2_ws/install/my_bot/share/ament_index/resource_index/package_run_dependencies/my_bot
[2.885s] -- Symlinking: /home/luonghoangvy/ros2_ws/install/my_bot/share/ament_index/resource_index/parent_prefix_path/my_bot
[2.905s] -- Symlinking: /home/luonghoangvy/ros2_ws/install/my_bot/share/my_bot/environment/ament_prefix_path.sh
[2.925s] -- Symlinking: /home/luonghoangvy/ros2_ws/install/my_bot/share/my_bot/environment/ament_prefix_path.dsv
[2.945s] -- Symlinking: /home/luonghoangvy/ros2_ws/install/my_bot/share/my_bot/environment/path.sh
[2.967s] -- Symlinking: /home/luonghoangvy/ros2_ws/install/my_bot/share/my_bot/environment/path.dsv
[2.987s] -- Symlinking: /home/luonghoangvy/ros2_ws/install/my_bot/share/my_bot/local_setup.bash
[3.009s] -- Symlinking: /home/luonghoangvy/ros2_ws/install/my_bot/share/my_bot/local_setup.sh
[3.033s] -- Symlinking: /home/luonghoangvy/ros2_ws/install/my_bot/share/my_bot/local_setup.zsh
[3.054s] -- Symlinking: /home/luonghoangvy/ros2_ws/install/my_bot/share/my_bot/local_setup.dsv
[3.075s] -- Symlinking: /home/luonghoangvy/ros2_ws/install/my_bot/share/my_bot/package.dsv
[3.096s] -- Symlinking: /home/luonghoangvy/ros2_ws/install/my_bot/share/ament_index/resource_index/packages/my_bot
[3.117s] -- Symlinking: /home/luonghoangvy/ros2_ws/install/my_bot/share/my_bot/cmake/my_botConfig.cmake
[3.137s] -- Symlinking: /home/luonghoangvy/ros2_ws/install/my_bot/share/my_bot/cmake/my_botConfig-version.cmake
[3.158s] -- Symlinking: /home/luonghoangvy/ros2_ws/install/my_bot/share/my_bot/package.xml
[3.185s] Invoked command in '/home/luonghoangvy/ros2_ws/build/my_bot' returned '0': CMAKE_PREFIX_PATH=/opt/ros/foxy /usr/bin/cmake --install /home/luonghoangvy/ros2_ws/build/my_bot
