[0.701s] DEBUG:colcon:Command line arguments: ['/usr/bin/colcon', 'build', '--symlink-install']
[0.702s] DEBUG:colcon:Parsed command line arguments: Namespace(allow_overriding=[], ament_cmake_args=None, base_paths=['.'], build_base='build', catkin_cmake_args=None, catkin_skip_building_tests=False, cmake_args=None, cmake_clean_cache=False, cmake_clean_first=False, cmake_force_configure=False, cmake_target=None, cmake_target_skip_unavailable=False, continue_on_error=False, event_handlers=None, executor='parallel', ignore_user_meta=False, install_base='install', log_base=None, log_level=None, main=<bound method BuildVerb.main of <colcon_core.verb.build.BuildVerb object at 0x7fcb3b45ab50>>, merge_install=False, metas=['./colcon.meta'], mixin=None, mixin_files=None, mixin_verb=('build',), packages_above=None, packages_above_and_dependencies=None, packages_above_depth=None, packages_end=None, packages_ignore=None, packages_ignore_regex=None, packages_select=None, packages_select_build_failed=False, packages_select_by_dep=None, packages_select_regex=None, packages_select_test_failures=False, packages_skip=None, packages_skip_build_finished=False, packages_skip_by_dep=None, packages_skip_regex=None, packages_skip_test_passed=False, packages_skip_up_to=None, packages_start=None, packages_up_to=None, packages_up_to_regex=None, parallel_workers=4, paths=None, symlink_install=True, test_result_base=None, verb_extension=<colcon_core.verb.build.BuildVerb object at 0x7fcb3b45ab50>, verb_name='build', verb_parser=<colcon_mixin.mixin.mixin_argument.MixinArgumentDecorator object at 0x7fcb3b4693a0>)
[1.070s] Level 1:colcon.colcon_core.package_discovery:discover_packages(colcon_meta) check parameters
[1.070s] Level 1:colcon.colcon_core.package_discovery:discover_packages(recursive) check parameters
[1.070s] Level 1:colcon.colcon_core.package_discovery:discover_packages(ignore) check parameters
[1.070s] Level 1:colcon.colcon_core.package_discovery:discover_packages(path) check parameters
[1.070s] Level 1:colcon.colcon_core.package_discovery:discover_packages(colcon_meta) discover
[1.070s] Level 1:colcon.colcon_core.package_discovery:discover_packages(recursive) discover
[1.070s] INFO:colcon.colcon_core.package_discovery:Crawling recursively for packages in '/home/luonghoangvy/ros2_ws'
[1.071s] Level 1:colcon.colcon_core.package_identification:_identify(.) by extensions ['ignore', 'ignore_ament_install']
[1.071s] Level 1:colcon.colcon_core.package_identification:_identify(.) by extension 'ignore'
[1.071s] Level 1:colcon.colcon_core.package_identification:_identify(.) by extension 'ignore_ament_install'
[1.071s] Level 1:colcon.colcon_core.package_identification:_identify(.) by extensions ['colcon_pkg']
[1.071s] Level 1:colcon.colcon_core.package_identification:_identify(.) by extension 'colcon_pkg'
[1.071s] Level 1:colcon.colcon_core.package_identification:_identify(.) by extensions ['colcon_meta']
[1.071s] Level 1:colcon.colcon_core.package_identification:_identify(.) by extension 'colcon_meta'
[1.071s] Level 1:colcon.colcon_core.package_identification:_identify(.) by extensions ['ros']
[1.071s] Level 1:colcon.colcon_core.package_identification:_identify(.) by extension 'ros'
[1.101s] Level 1:colcon.colcon_core.package_identification:_identify(.) by extensions ['cmake', 'python']
[1.101s] Level 1:colcon.colcon_core.package_identification:_identify(.) by extension 'cmake'
[1.102s] Level 1:colcon.colcon_core.package_identification:_identify(.) by extension 'python'
[1.102s] Level 1:colcon.colcon_core.package_identification:_identify(.) by extensions ['python_setup_py']
[1.102s] Level 1:colcon.colcon_core.package_identification:_identify(.) by extension 'python_setup_py'
[1.102s] Level 1:colcon.colcon_core.package_identification:_identify(build) by extensions ['ignore', 'ignore_ament_install']
[1.103s] Level 1:colcon.colcon_core.package_identification:_identify(build) by extension 'ignore'
[1.103s] Level 1:colcon.colcon_core.package_identification:_identify(build) ignored
[1.103s] Level 1:colcon.colcon_core.package_identification:_identify(install) by extensions ['ignore', 'ignore_ament_install']
[1.103s] Level 1:colcon.colcon_core.package_identification:_identify(install) by extension 'ignore'
[1.104s] Level 1:colcon.colcon_core.package_identification:_identify(install) ignored
[1.104s] Level 1:colcon.colcon_core.package_identification:_identify(log) by extensions ['ignore', 'ignore_ament_install']
[1.104s] Level 1:colcon.colcon_core.package_identification:_identify(log) by extension 'ignore'
[1.104s] Level 1:colcon.colcon_core.package_identification:_identify(log) ignored
[1.104s] Level 1:colcon.colcon_core.package_identification:_identify(src) by extensions ['ignore', 'ignore_ament_install']
[1.105s] Level 1:colcon.colcon_core.package_identification:_identify(src) by extension 'ignore'
[1.105s] Level 1:colcon.colcon_core.package_identification:_identify(src) by extension 'ignore_ament_install'
[1.105s] Level 1:colcon.colcon_core.package_identification:_identify(src) by extensions ['colcon_pkg']
[1.105s] Level 1:colcon.colcon_core.package_identification:_identify(src) by extension 'colcon_pkg'
[1.105s] Level 1:colcon.colcon_core.package_identification:_identify(src) by extensions ['colcon_meta']
[1.105s] Level 1:colcon.colcon_core.package_identification:_identify(src) by extension 'colcon_meta'
[1.106s] Level 1:colcon.colcon_core.package_identification:_identify(src) by extensions ['ros']
[1.106s] Level 1:colcon.colcon_core.package_identification:_identify(src) by extension 'ros'
[1.106s] Level 1:colcon.colcon_core.package_identification:_identify(src) by extensions ['cmake', 'python']
[1.106s] Level 1:colcon.colcon_core.package_identification:_identify(src) by extension 'cmake'
[1.106s] Level 1:colcon.colcon_core.package_identification:_identify(src) by extension 'python'
[1.106s] Level 1:colcon.colcon_core.package_identification:_identify(src) by extensions ['python_setup_py']
[1.106s] Level 1:colcon.colcon_core.package_identification:_identify(src) by extension 'python_setup_py'
[1.107s] Level 1:colcon.colcon_core.package_identification:_identify(src/my_bot) by extensions ['ignore', 'ignore_ament_install']
[1.107s] Level 1:colcon.colcon_core.package_identification:_identify(src/my_bot) by extension 'ignore'
[1.107s] Level 1:colcon.colcon_core.package_identification:_identify(src/my_bot) by extension 'ignore_ament_install'
[1.108s] Level 1:colcon.colcon_core.package_identification:_identify(src/my_bot) by extensions ['colcon_pkg']
[1.108s] Level 1:colcon.colcon_core.package_identification:_identify(src/my_bot) by extension 'colcon_pkg'
[1.108s] Level 1:colcon.colcon_core.package_identification:_identify(src/my_bot) by extensions ['colcon_meta']
[1.108s] Level 1:colcon.colcon_core.package_identification:_identify(src/my_bot) by extension 'colcon_meta'
[1.108s] Level 1:colcon.colcon_core.package_identification:_identify(src/my_bot) by extensions ['ros']
[1.108s] Level 1:colcon.colcon_core.package_identification:_identify(src/my_bot) by extension 'ros'
[1.116s] DEBUG:colcon.colcon_core.package_identification:Package 'src/my_bot' with type 'ros.ament_cmake' and name 'my_bot'
[1.117s] Level 1:colcon.colcon_core.package_identification:_identify(src/rplidar_ros) by extensions ['ignore', 'ignore_ament_install']
[1.117s] Level 1:colcon.colcon_core.package_identification:_identify(src/rplidar_ros) by extension 'ignore'
[1.117s] Level 1:colcon.colcon_core.package_identification:_identify(src/rplidar_ros) by extension 'ignore_ament_install'
[1.117s] Level 1:colcon.colcon_core.package_identification:_identify(src/rplidar_ros) by extensions ['colcon_pkg']
[1.117s] Level 1:colcon.colcon_core.package_identification:_identify(src/rplidar_ros) by extension 'colcon_pkg'
[1.117s] Level 1:colcon.colcon_core.package_identification:_identify(src/rplidar_ros) by extensions ['colcon_meta']
[1.117s] Level 1:colcon.colcon_core.package_identification:_identify(src/rplidar_ros) by extension 'colcon_meta'
[1.118s] Level 1:colcon.colcon_core.package_identification:_identify(src/rplidar_ros) by extensions ['ros']
[1.118s] Level 1:colcon.colcon_core.package_identification:_identify(src/rplidar_ros) by extension 'ros'
[1.119s] DEBUG:colcon.colcon_core.package_identification:Package 'src/rplidar_ros' with type 'ros.ament_cmake' and name 'rplidar_ros'
[1.119s] Level 1:colcon.colcon_core.package_discovery:discover_packages(recursive) using defaults
[1.119s] Level 1:colcon.colcon_core.package_discovery:discover_packages(ignore) discover
[1.119s] Level 1:colcon.colcon_core.package_discovery:discover_packages(ignore) using defaults
[1.119s] Level 1:colcon.colcon_core.package_discovery:discover_packages(path) discover
[1.120s] Level 1:colcon.colcon_core.package_discovery:discover_packages(path) using defaults
[1.179s] Level 1:colcon.colcon_core.package_discovery:discover_packages(prefix_path) check parameters
[1.179s] Level 1:colcon.colcon_core.package_discovery:discover_packages(prefix_path) discover
[1.190s] DEBUG:colcon.colcon_installed_package_information.package_discovery:Found 264 installed packages in /opt/ros/foxy
[1.194s] Level 1:colcon.colcon_core.package_discovery:discover_packages(prefix_path) using defaults
[1.380s] Level 5:colcon.colcon_core.verb:set package 'my_bot' build argument 'cmake_args' from command line to 'None'
[1.380s] Level 5:colcon.colcon_core.verb:set package 'my_bot' build argument 'cmake_target' from command line to 'None'
[1.380s] Level 5:colcon.colcon_core.verb:set package 'my_bot' build argument 'cmake_target_skip_unavailable' from command line to 'False'
[1.380s] Level 5:colcon.colcon_core.verb:set package 'my_bot' build argument 'cmake_clean_cache' from command line to 'False'
[1.380s] Level 5:colcon.colcon_core.verb:set package 'my_bot' build argument 'cmake_clean_first' from command line to 'False'
[1.380s] Level 5:colcon.colcon_core.verb:set package 'my_bot' build argument 'cmake_force_configure' from command line to 'False'
[1.380s] Level 5:colcon.colcon_core.verb:set package 'my_bot' build argument 'ament_cmake_args' from command line to 'None'
[1.380s] Level 5:colcon.colcon_core.verb:set package 'my_bot' build argument 'catkin_cmake_args' from command line to 'None'
[1.381s] Level 5:colcon.colcon_core.verb:set package 'my_bot' build argument 'catkin_skip_building_tests' from command line to 'False'
[1.381s] DEBUG:colcon.colcon_core.verb:Building package 'my_bot' with the following arguments: {'ament_cmake_args': None, 'build_base': '/home/luonghoangvy/ros2_ws/build/my_bot', 'catkin_cmake_args': None, 'catkin_skip_building_tests': False, 'cmake_args': None, 'cmake_clean_cache': False, 'cmake_clean_first': False, 'cmake_force_configure': False, 'cmake_target': None, 'cmake_target_skip_unavailable': False, 'install_base': '/home/luonghoangvy/ros2_ws/install/my_bot', 'merge_install': False, 'path': '/home/luonghoangvy/ros2_ws/src/my_bot', 'symlink_install': True, 'test_result_base': None}
[1.382s] Level 5:colcon.colcon_core.verb:set package 'rplidar_ros' build argument 'cmake_args' from command line to 'None'
[1.382s] Level 5:colcon.colcon_core.verb:set package 'rplidar_ros' build argument 'cmake_target' from command line to 'None'
[1.382s] Level 5:colcon.colcon_core.verb:set package 'rplidar_ros' build argument 'cmake_target_skip_unavailable' from command line to 'False'
[1.382s] Level 5:colcon.colcon_core.verb:set package 'rplidar_ros' build argument 'cmake_clean_cache' from command line to 'False'
[1.382s] Level 5:colcon.colcon_core.verb:set package 'rplidar_ros' build argument 'cmake_clean_first' from command line to 'False'
[1.382s] Level 5:colcon.colcon_core.verb:set package 'rplidar_ros' build argument 'cmake_force_configure' from command line to 'False'
[1.382s] Level 5:colcon.colcon_core.verb:set package 'rplidar_ros' build argument 'ament_cmake_args' from command line to 'None'
[1.382s] Level 5:colcon.colcon_core.verb:set package 'rplidar_ros' build argument 'catkin_cmake_args' from command line to 'None'
[1.382s] Level 5:colcon.colcon_core.verb:set package 'rplidar_ros' build argument 'catkin_skip_building_tests' from command line to 'False'
[1.382s] DEBUG:colcon.colcon_core.verb:Building package 'rplidar_ros' with the following arguments: {'ament_cmake_args': None, 'build_base': '/home/luonghoangvy/ros2_ws/build/rplidar_ros', 'catkin_cmake_args': None, 'catkin_skip_building_tests': False, 'cmake_args': None, 'cmake_clean_cache': False, 'cmake_clean_first': False, 'cmake_force_configure': False, 'cmake_target': None, 'cmake_target_skip_unavailable': False, 'install_base': '/home/luonghoangvy/ros2_ws/install/rplidar_ros', 'merge_install': False, 'path': '/home/luonghoangvy/ros2_ws/src/rplidar_ros', 'symlink_install': True, 'test_result_base': None}
[1.383s] INFO:colcon.colcon_core.executor:Executing jobs using 'parallel' executor
[1.384s] DEBUG:colcon.colcon_parallel_executor.executor.parallel:run_until_complete
[1.385s] INFO:colcon.colcon_ros.task.ament_cmake.build:Building ROS package in '/home/luonghoangvy/ros2_ws/src/my_bot' with build type 'ament_cmake'
[1.385s] INFO:colcon.colcon_cmake.task.cmake.build:Building CMake package in '/home/luonghoangvy/ros2_ws/src/my_bot'
[1.400s] INFO:colcon.colcon_core.plugin_system:Skipping extension 'colcon_core.shell.bat': Not used on non-Windows systems
[1.401s] INFO:colcon.colcon_core.shell:Skip shell extension 'powershell' for command environment: Not usable outside of PowerShell
[1.401s] DEBUG:colcon.colcon_core.shell:Skip shell extension 'dsv' for command environment
[1.411s] INFO:colcon.colcon_ros.task.ament_cmake.build:Building ROS package in '/home/luonghoangvy/ros2_ws/src/rplidar_ros' with build type 'ament_cmake'
[1.412s] INFO:colcon.colcon_cmake.task.cmake.build:Building CMake package in '/home/luonghoangvy/ros2_ws/src/rplidar_ros'
[1.413s] INFO:colcon.colcon_core.shell:Skip shell extension 'powershell' for command environment: Not usable outside of PowerShell
[1.413s] DEBUG:colcon.colcon_core.shell:Skip shell extension 'dsv' for command environment
[1.452s] DEBUG:colcon.colcon_core.event_handler.log_command:Invoking command in '/home/luonghoangvy/ros2_ws/build/my_bot': CMAKE_PREFIX_PATH=/opt/ros/foxy /usr/bin/cmake --build /home/luonghoangvy/ros2_ws/build/my_bot -- -j4 -l4
[1.467s] DEBUG:colcon.colcon_core.event_handler.log_command:Invoking command in '/home/luonghoangvy/ros2_ws/build/rplidar_ros': CMAKE_PREFIX_PATH=/opt/ros/foxy /usr/bin/cmake /home/luonghoangvy/ros2_ws/src/rplidar_ros -DAMENT_CMAKE_SYMLINK_INSTALL=1 -DCMAKE_INSTALL_PREFIX=/home/luonghoangvy/ros2_ws/install/rplidar_ros
[1.691s] DEBUG:colcon.colcon_core.event_handler.log_command:Invoked command in '/home/luonghoangvy/ros2_ws/build/my_bot' returned '0': CMAKE_PREFIX_PATH=/opt/ros/foxy /usr/bin/cmake --build /home/luonghoangvy/ros2_ws/build/my_bot -- -j4 -l4
[1.786s] DEBUG:colcon.colcon_core.event_handler.log_command:Invoking command in '/home/luonghoangvy/ros2_ws/build/my_bot': CMAKE_PREFIX_PATH=/opt/ros/foxy /usr/bin/cmake --install /home/luonghoangvy/ros2_ws/build/my_bot
[1.871s] Level 1:colcon.colcon_core.environment:create_environment_scripts_only(my_bot)
[1.874s] DEBUG:colcon.colcon_core.event_handler.log_command:Invoked command in '/home/luonghoangvy/ros2_ws/build/my_bot' returned '0': CMAKE_PREFIX_PATH=/opt/ros/foxy /usr/bin/cmake --install /home/luonghoangvy/ros2_ws/build/my_bot
[1.895s] Level 1:colcon.colcon_core.environment:checking '/home/luonghoangvy/ros2_ws/install/my_bot' for CMake module files
[1.896s] Level 1:colcon.colcon_core.environment:checking '/home/luonghoangvy/ros2_ws/install/my_bot' for CMake config files
[1.897s] Level 1:colcon.colcon_core.shell:create_environment_hook('my_bot', 'cmake_prefix_path')
[1.898s] INFO:colcon.colcon_core.shell:Creating environment hook '/home/luonghoangvy/ros2_ws/install/my_bot/share/my_bot/hook/cmake_prefix_path.ps1'
[1.901s] INFO:colcon.colcon_core.shell:Creating environment descriptor '/home/luonghoangvy/ros2_ws/install/my_bot/share/my_bot/hook/cmake_prefix_path.dsv'
[1.903s] INFO:colcon.colcon_core.shell:Creating environment hook '/home/luonghoangvy/ros2_ws/install/my_bot/share/my_bot/hook/cmake_prefix_path.sh'
[1.906s] Level 1:colcon.colcon_core.environment:checking '/home/luonghoangvy/ros2_ws/install/my_bot/bin'
[1.906s] Level 1:colcon.colcon_core.environment:checking '/home/luonghoangvy/ros2_ws/install/my_bot/lib/pkgconfig/my_bot.pc'
[1.907s] Level 1:colcon.colcon_core.environment:checking '/home/luonghoangvy/ros2_ws/install/my_bot/lib/python3.8/site-packages'
[1.907s] Level 1:colcon.colcon_core.environment:checking '/home/luonghoangvy/ros2_ws/install/my_bot/bin'
[1.908s] INFO:colcon.colcon_core.shell:Creating package script '/home/luonghoangvy/ros2_ws/install/my_bot/share/my_bot/package.ps1'
[1.910s] INFO:colcon.colcon_core.shell:Creating package descriptor '/home/luonghoangvy/ros2_ws/install/my_bot/share/my_bot/package.dsv'
[1.914s] INFO:colcon.colcon_core.shell:Creating package script '/home/luonghoangvy/ros2_ws/install/my_bot/share/my_bot/package.sh'
[1.917s] INFO:colcon.colcon_core.shell:Creating package script '/home/luonghoangvy/ros2_ws/install/my_bot/share/my_bot/package.bash'
[1.920s] INFO:colcon.colcon_core.shell:Creating package script '/home/luonghoangvy/ros2_ws/install/my_bot/share/my_bot/package.zsh'
[1.923s] Level 1:colcon.colcon_core.environment:create_file_with_runtime_dependencies(/home/luonghoangvy/ros2_ws/install/my_bot/share/colcon-core/packages/my_bot)
[1.986s] Level 1:colcon.colcon_core.environment:create_environment_scripts_only(my_bot)
[1.987s] Level 1:colcon.colcon_core.environment:checking '/home/luonghoangvy/ros2_ws/install/my_bot' for CMake module files
[1.989s] Level 1:colcon.colcon_core.environment:checking '/home/luonghoangvy/ros2_ws/install/my_bot' for CMake config files
[1.993s] Level 1:colcon.colcon_core.shell:create_environment_hook('my_bot', 'cmake_prefix_path')
[1.994s] INFO:colcon.colcon_core.shell:Creating environment hook '/home/luonghoangvy/ros2_ws/install/my_bot/share/my_bot/hook/cmake_prefix_path.ps1'
[1.998s] INFO:colcon.colcon_core.shell:Creating environment descriptor '/home/luonghoangvy/ros2_ws/install/my_bot/share/my_bot/hook/cmake_prefix_path.dsv'
[2.002s] INFO:colcon.colcon_core.shell:Creating environment hook '/home/luonghoangvy/ros2_ws/install/my_bot/share/my_bot/hook/cmake_prefix_path.sh'
[2.004s] Level 1:colcon.colcon_core.environment:checking '/home/luonghoangvy/ros2_ws/install/my_bot/bin'
[2.004s] Level 1:colcon.colcon_core.environment:checking '/home/luonghoangvy/ros2_ws/install/my_bot/lib/pkgconfig/my_bot.pc'
[2.005s] Level 1:colcon.colcon_core.environment:checking '/home/luonghoangvy/ros2_ws/install/my_bot/lib/python3.8/site-packages'
[2.005s] Level 1:colcon.colcon_core.environment:checking '/home/luonghoangvy/ros2_ws/install/my_bot/bin'
[2.007s] INFO:colcon.colcon_core.shell:Creating package script '/home/luonghoangvy/ros2_ws/install/my_bot/share/my_bot/package.ps1'
[2.009s] INFO:colcon.colcon_core.shell:Creating package descriptor '/home/luonghoangvy/ros2_ws/install/my_bot/share/my_bot/package.dsv'
[2.011s] INFO:colcon.colcon_core.shell:Creating package script '/home/luonghoangvy/ros2_ws/install/my_bot/share/my_bot/package.sh'
[2.016s] INFO:colcon.colcon_core.shell:Creating package script '/home/luonghoangvy/ros2_ws/install/my_bot/share/my_bot/package.bash'
[2.020s] INFO:colcon.colcon_core.shell:Creating package script '/home/luonghoangvy/ros2_ws/install/my_bot/share/my_bot/package.zsh'
[2.021s] Level 1:colcon.colcon_core.environment:create_file_with_runtime_dependencies(/home/luonghoangvy/ros2_ws/install/my_bot/share/colcon-core/packages/my_bot)
[6.637s] DEBUG:colcon.colcon_core.event_handler.log_command:Invoked command in '/home/luonghoangvy/ros2_ws/build/rplidar_ros' returned '0': CMAKE_PREFIX_PATH=/opt/ros/foxy /usr/bin/cmake /home/luonghoangvy/ros2_ws/src/rplidar_ros -DAMENT_CMAKE_SYMLINK_INSTALL=1 -DCMAKE_INSTALL_PREFIX=/home/luonghoangvy/ros2_ws/install/rplidar_ros
[6.643s] DEBUG:colcon.colcon_core.event_handler.log_command:Invoking command in '/home/luonghoangvy/ros2_ws/build/rplidar_ros': CMAKE_PREFIX_PATH=/opt/ros/foxy /usr/bin/cmake --build /home/luonghoangvy/ros2_ws/build/rplidar_ros -- -j4 -l4
[25.635s] DEBUG:colcon.colcon_core.event_handler.log_command:Invoked command in '/home/luonghoangvy/ros2_ws/build/rplidar_ros' returned '0': CMAKE_PREFIX_PATH=/opt/ros/foxy /usr/bin/cmake --build /home/luonghoangvy/ros2_ws/build/rplidar_ros -- -j4 -l4
[25.800s] DEBUG:colcon.colcon_core.event_handler.log_command:Invoking command in '/home/luonghoangvy/ros2_ws/build/rplidar_ros': CMAKE_PREFIX_PATH=/opt/ros/foxy /usr/bin/cmake --install /home/luonghoangvy/ros2_ws/build/rplidar_ros
[26.814s] Level 1:colcon.colcon_core.environment:create_environment_scripts_only(rplidar_ros)
[26.815s] Level 1:colcon.colcon_core.environment:checking '/home/luonghoangvy/ros2_ws/install/rplidar_ros' for CMake module files
[26.816s] DEBUG:colcon.colcon_core.event_handler.log_command:Invoked command in '/home/luonghoangvy/ros2_ws/build/rplidar_ros' returned '0': CMAKE_PREFIX_PATH=/opt/ros/foxy /usr/bin/cmake --install /home/luonghoangvy/ros2_ws/build/rplidar_ros
[26.817s] Level 1:colcon.colcon_core.environment:checking '/home/luonghoangvy/ros2_ws/install/rplidar_ros' for CMake config files
[26.818s] Level 1:colcon.colcon_core.shell:create_environment_hook('rplidar_ros', 'cmake_prefix_path')
[26.818s] INFO:colcon.colcon_core.shell:Creating environment hook '/home/luonghoangvy/ros2_ws/install/rplidar_ros/share/rplidar_ros/hook/cmake_prefix_path.ps1'
[26.820s] INFO:colcon.colcon_core.shell:Creating environment descriptor '/home/luonghoangvy/ros2_ws/install/rplidar_ros/share/rplidar_ros/hook/cmake_prefix_path.dsv'
[26.821s] INFO:colcon.colcon_core.shell:Creating environment hook '/home/luonghoangvy/ros2_ws/install/rplidar_ros/share/rplidar_ros/hook/cmake_prefix_path.sh'
[26.822s] Level 1:colcon.colcon_core.environment:checking '/home/luonghoangvy/ros2_ws/install/rplidar_ros/lib'
[26.822s] Level 1:colcon.colcon_core.environment:checking '/home/luonghoangvy/ros2_ws/install/rplidar_ros/bin'
[26.822s] Level 1:colcon.colcon_core.environment:checking '/home/luonghoangvy/ros2_ws/install/rplidar_ros/lib/pkgconfig/rplidar_ros.pc'
[26.823s] Level 1:colcon.colcon_core.environment:checking '/home/luonghoangvy/ros2_ws/install/rplidar_ros/lib/python3.8/site-packages'
[26.823s] Level 1:colcon.colcon_core.environment:checking '/home/luonghoangvy/ros2_ws/install/rplidar_ros/bin'
[26.823s] INFO:colcon.colcon_core.shell:Creating package script '/home/luonghoangvy/ros2_ws/install/rplidar_ros/share/rplidar_ros/package.ps1'
[26.824s] INFO:colcon.colcon_core.shell:Creating package descriptor '/home/luonghoangvy/ros2_ws/install/rplidar_ros/share/rplidar_ros/package.dsv'
[26.825s] INFO:colcon.colcon_core.shell:Creating package script '/home/luonghoangvy/ros2_ws/install/rplidar_ros/share/rplidar_ros/package.sh'
[26.826s] INFO:colcon.colcon_core.shell:Creating package script '/home/luonghoangvy/ros2_ws/install/rplidar_ros/share/rplidar_ros/package.bash'
[26.826s] INFO:colcon.colcon_core.shell:Creating package script '/home/luonghoangvy/ros2_ws/install/rplidar_ros/share/rplidar_ros/package.zsh'
[26.827s] Level 1:colcon.colcon_core.environment:create_file_with_runtime_dependencies(/home/luonghoangvy/ros2_ws/install/rplidar_ros/share/colcon-core/packages/rplidar_ros)
[26.984s] Level 1:colcon.colcon_core.environment:create_environment_scripts_only(rplidar_ros)
[26.985s] Level 1:colcon.colcon_core.environment:checking '/home/luonghoangvy/ros2_ws/install/rplidar_ros' for CMake module files
[26.986s] Level 1:colcon.colcon_core.environment:checking '/home/luonghoangvy/ros2_ws/install/rplidar_ros' for CMake config files
[26.986s] Level 1:colcon.colcon_core.shell:create_environment_hook('rplidar_ros', 'cmake_prefix_path')
[26.987s] INFO:colcon.colcon_core.shell:Creating environment hook '/home/luonghoangvy/ros2_ws/install/rplidar_ros/share/rplidar_ros/hook/cmake_prefix_path.ps1'
[26.988s] INFO:colcon.colcon_core.shell:Creating environment descriptor '/home/luonghoangvy/ros2_ws/install/rplidar_ros/share/rplidar_ros/hook/cmake_prefix_path.dsv'
[26.989s] INFO:colcon.colcon_core.shell:Creating environment hook '/home/luonghoangvy/ros2_ws/install/rplidar_ros/share/rplidar_ros/hook/cmake_prefix_path.sh'
[26.991s] Level 1:colcon.colcon_core.environment:checking '/home/luonghoangvy/ros2_ws/install/rplidar_ros/lib'
[26.991s] Level 1:colcon.colcon_core.environment:checking '/home/luonghoangvy/ros2_ws/install/rplidar_ros/bin'
[26.991s] Level 1:colcon.colcon_core.environment:checking '/home/luonghoangvy/ros2_ws/install/rplidar_ros/lib/pkgconfig/rplidar_ros.pc'
[26.991s] Level 1:colcon.colcon_core.environment:checking '/home/luonghoangvy/ros2_ws/install/rplidar_ros/lib/python3.8/site-packages'
[26.991s] Level 1:colcon.colcon_core.environment:checking '/home/luonghoangvy/ros2_ws/install/rplidar_ros/bin'
[26.992s] INFO:colcon.colcon_core.shell:Creating package script '/home/luonghoangvy/ros2_ws/install/rplidar_ros/share/rplidar_ros/package.ps1'
[26.993s] INFO:colcon.colcon_core.shell:Creating package descriptor '/home/luonghoangvy/ros2_ws/install/rplidar_ros/share/rplidar_ros/package.dsv'
[26.994s] INFO:colcon.colcon_core.shell:Creating package script '/home/luonghoangvy/ros2_ws/install/rplidar_ros/share/rplidar_ros/package.sh'
[26.995s] INFO:colcon.colcon_core.shell:Creating package script '/home/luonghoangvy/ros2_ws/install/rplidar_ros/share/rplidar_ros/package.bash'
[26.996s] INFO:colcon.colcon_core.shell:Creating package script '/home/luonghoangvy/ros2_ws/install/rplidar_ros/share/rplidar_ros/package.zsh'
[26.997s] Level 1:colcon.colcon_core.environment:create_file_with_runtime_dependencies(/home/luonghoangvy/ros2_ws/install/rplidar_ros/share/colcon-core/packages/rplidar_ros)
[26.998s] DEBUG:colcon.colcon_parallel_executor.executor.parallel:closing loop
[26.999s] DEBUG:colcon.colcon_parallel_executor.executor.parallel:loop closed
[26.999s] DEBUG:colcon.colcon_parallel_executor.executor.parallel:run_until_complete finished with '0'
[27.002s] DEBUG:colcon.colcon_core.event_reactor:joining thread
[27.057s] INFO:colcon.colcon_core.plugin_system:Skipping extension 'colcon_notification.desktop_notification.terminal_notifier': Not used on non-Darwin systems
[27.057s] INFO:colcon.colcon_core.plugin_system:Skipping extension 'colcon_notification.desktop_notification.win32': Not used on non-Windows systems
[27.057s] INFO:colcon.colcon_notification.desktop_notification:Sending desktop notification using 'notify2'
[27.111s] DEBUG:colcon.colcon_core.event_reactor:joined thread
[27.112s] INFO:colcon.colcon_core.shell:Creating prefix script '/home/luonghoangvy/ros2_ws/install/local_setup.ps1'
[27.126s] INFO:colcon.colcon_core.shell:Creating prefix util module '/home/luonghoangvy/ros2_ws/install/_local_setup_util_ps1.py'
[27.140s] INFO:colcon.colcon_core.shell:Creating prefix chain script '/home/luonghoangvy/ros2_ws/install/setup.ps1'
[27.151s] INFO:colcon.colcon_core.shell:Creating prefix script '/home/luonghoangvy/ros2_ws/install/local_setup.sh'
[27.165s] INFO:colcon.colcon_core.shell:Creating prefix util module '/home/luonghoangvy/ros2_ws/install/_local_setup_util_sh.py'
[27.167s] INFO:colcon.colcon_core.shell:Creating prefix chain script '/home/luonghoangvy/ros2_ws/install/setup.sh'
[27.186s] INFO:colcon.colcon_core.shell:Creating prefix script '/home/luonghoangvy/ros2_ws/install/local_setup.bash'
[27.193s] INFO:colcon.colcon_core.shell:Creating prefix chain script '/home/luonghoangvy/ros2_ws/install/setup.bash'
[27.205s] INFO:colcon.colcon_core.shell:Creating prefix script '/home/luonghoangvy/ros2_ws/install/local_setup.zsh'
[27.207s] INFO:colcon.colcon_core.shell:Creating prefix chain script '/home/luonghoangvy/ros2_ws/install/setup.zsh'
